{"/home/gabe/Documents/Code/HackReactor/SDC/Bruce_Product-Description-Service/src/Interfaces.ts": {"path":"/home/gabe/Documents/Code/HackReactor/SDC/Bruce_Product-Description-Service/src/Interfaces.ts","statementMap":{"0":{"start":{"line":34,"column":44},"end":{"line":56,"column":2}},"1":{"start":{"line":58,"column":28},"end":{"line":58,"column":36}}},"fnMap":{},"branchMap":{},"s":{"0":1,"1":1},"f":{},"b":{}}
,"/home/gabe/Documents/Code/HackReactor/SDC/Bruce_Product-Description-Service/src/env.ts": {"path":"/home/gabe/Documents/Code/HackReactor/SDC/Bruce_Product-Description-Service/src/env.ts","statementMap":{"0":{"start":{"line":1,"column":11},"end":{"line":24,"column":2}},"1":{"start":{"line":38,"column":2},"end":{"line":38,"column":4}},"2":{"start":{"line":26,"column":15},"end":{"line":32,"column":2}},"3":{"start":{"line":38,"column":6},"end":{"line":38,"column":12}},"4":{"start":{"line":34,"column":13},"end":{"line":34,"column":20}},"5":{"start":{"line":38,"column":14},"end":{"line":38,"column":18}},"6":{"start":{"line":35,"column":16},"end":{"line":35,"column":26}},"7":{"start":{"line":38,"column":20},"end":{"line":38,"column":27}}},"fnMap":{},"branchMap":{},"s":{"0":1,"1":1,"2":1,"3":1,"4":1,"5":1,"6":1,"7":1},"f":{},"b":{}}
,"/home/gabe/Documents/Code/HackReactor/SDC/Bruce_Product-Description-Service/src/database/db.ts": {"path":"/home/gabe/Documents/Code/HackReactor/SDC/Bruce_Product-Description-Service/src/database/db.ts","statementMap":{"0":{"start":{"line":1,"column":0},"end":{"line":1,"column":28}},"1":{"start":{"line":3,"column":0},"end":{"line":3,"column":64}},"2":{"start":{"line":6,"column":27},"end":{"line":46,"column":2}},"3":{"start":{"line":10,"column":4},"end":{"line":11,"column":37}},"4":{"start":{"line":11,"column":18},"end":{"line":11,"column":36}},"5":{"start":{"line":16,"column":4},"end":{"line":17,"column":42}},"6":{"start":{"line":17,"column":18},"end":{"line":17,"column":41}},"7":{"start":{"line":22,"column":4},"end":{"line":24,"column":53}},"8":{"start":{"line":23,"column":18},"end":{"line":23,"column":44}},"9":{"start":{"line":24,"column":18},"end":{"line":24,"column":52}},"10":{"start":{"line":29,"column":4},"end":{"line":30,"column":40}},"11":{"start":{"line":30,"column":18},"end":{"line":30,"column":39}},"12":{"start":{"line":35,"column":4},"end":{"line":37,"column":47}},"13":{"start":{"line":36,"column":18},"end":{"line":36,"column":42}},"14":{"start":{"line":37,"column":18},"end":{"line":37,"column":46}},"15":{"start":{"line":42,"column":4},"end":{"line":44,"column":50}},"16":{"start":{"line":43,"column":18},"end":{"line":43,"column":42}},"17":{"start":{"line":44,"column":18},"end":{"line":44,"column":49}},"18":{"start":{"line":48,"column":0},"end":{"line":48,"column":24}}},"fnMap":{"0":{"name":"(anonymous_0)","decl":{"start":{"line":9,"column":12},"end":{"line":9,"column":13}},"loc":{"start":{"line":9,"column":15},"end":{"line":12,"column":3}}},"1":{"name":"(anonymous_1)","decl":{"start":{"line":11,"column":12},"end":{"line":11,"column":18}},"loc":{"start":{"line":11,"column":12},"end":{"line":11,"column":20}}},"2":{"name":"(anonymous_2)","decl":{"start":{"line":15,"column":12},"end":{"line":15,"column":13}},"loc":{"start":{"line":15,"column":20},"end":{"line":18,"column":3}}},"3":{"name":"(anonymous_3)","decl":{"start":{"line":17,"column":12},"end":{"line":17,"column":18}},"loc":{"start":{"line":17,"column":12},"end":{"line":17,"column":20}}},"4":{"name":"(anonymous_4)","decl":{"start":{"line":21,"column":16},"end":{"line":21,"column":17}},"loc":{"start":{"line":21,"column":31},"end":{"line":25,"column":3}}},"5":{"name":"(anonymous_5)","decl":{"start":{"line":23,"column":12},"end":{"line":23,"column":18}},"loc":{"start":{"line":23,"column":12},"end":{"line":23,"column":31}}},"6":{"name":"(anonymous_6)","decl":{"start":{"line":24,"column":12},"end":{"line":24,"column":18}},"loc":{"start":{"line":24,"column":12},"end":{"line":24,"column":20}}},"7":{"name":"(anonymous_7)","decl":{"start":{"line":28,"column":15},"end":{"line":28,"column":16}},"loc":{"start":{"line":28,"column":18},"end":{"line":31,"column":3}}},"8":{"name":"(anonymous_8)","decl":{"start":{"line":30,"column":12},"end":{"line":30,"column":18}},"loc":{"start":{"line":30,"column":12},"end":{"line":30,"column":20}}},"9":{"name":"(anonymous_9)","decl":{"start":{"line":34,"column":11},"end":{"line":34,"column":12}},"loc":{"start":{"line":34,"column":25},"end":{"line":38,"column":3}}},"10":{"name":"(anonymous_10)","decl":{"start":{"line":36,"column":12},"end":{"line":36,"column":18}},"loc":{"start":{"line":36,"column":12},"end":{"line":36,"column":30}}},"11":{"name":"(anonymous_11)","decl":{"start":{"line":37,"column":12},"end":{"line":37,"column":18}},"loc":{"start":{"line":37,"column":12},"end":{"line":37,"column":20}}},"12":{"name":"(anonymous_12)","decl":{"start":{"line":41,"column":14},"end":{"line":41,"column":15}},"loc":{"start":{"line":41,"column":28},"end":{"line":45,"column":3}}},"13":{"name":"(anonymous_13)","decl":{"start":{"line":43,"column":12},"end":{"line":43,"column":18}},"loc":{"start":{"line":43,"column":12},"end":{"line":43,"column":30}}},"14":{"name":"(anonymous_14)","decl":{"start":{"line":44,"column":12},"end":{"line":44,"column":18}},"loc":{"start":{"line":44,"column":12},"end":{"line":44,"column":20}}}},"branchMap":{},"s":{"0":1,"1":1,"2":1,"3":14,"4":12,"5":0,"6":0,"7":0,"8":0,"9":0,"10":0,"11":0,"12":0,"13":0,"14":0,"15":0,"16":0,"17":0,"18":1},"f":{"0":14,"1":12,"2":0,"3":0,"4":0,"5":0,"6":0,"7":0,"8":0,"9":0,"10":0,"11":0,"12":0,"13":0,"14":0},"b":{}}
,"/home/gabe/Documents/Code/HackReactor/SDC/Bruce_Product-Description-Service/src/database/postgres.ts": {"path":"/home/gabe/Documents/Code/HackReactor/SDC/Bruce_Product-Description-Service/src/database/postgres.ts","statementMap":{"0":{"start":{"line":1,"column":0},"end":{"line":1,"column":25}},"1":{"start":{"line":2,"column":0},"end":{"line":2,"column":30}},"2":{"start":{"line":5,"column":17},"end":{"line":5,"column":36}},"3":{"start":{"line":6,"column":17},"end":{"line":6,"column":40}},"4":{"start":{"line":8,"column":21},"end":{"line":113,"column":2}},"5":{"start":{"line":11,"column":4},"end":{"line":18,"column":9}},"6":{"start":{"line":13,"column":24},"end":{"line":13,"column":38}},"7":{"start":{"line":14,"column":8},"end":{"line":16,"column":null}},"8":{"start":{"line":15,"column":10},"end":{"line":15,"column":47}},"9":{"start":{"line":17,"column":8},"end":{"line":17,"column":34}},"10":{"start":{"line":24,"column":6},"end":{"line":24,"column":10}},"11":{"start":{"line":24,"column":12},"end":{"line":24,"column":27}},"12":{"start":{"line":24,"column":29},"end":{"line":24,"column":34}},"13":{"start":{"line":24,"column":36},"end":{"line":24,"column":43}},"14":{"start":{"line":24,"column":45},"end":{"line":24,"column":53}},"15":{"start":{"line":24,"column":55},"end":{"line":24,"column":64}},"16":{"start":{"line":24,"column":66},"end":{"line":24,"column":77}},"17":{"start":{"line":25,"column":6},"end":{"line":25,"column":13}},"18":{"start":{"line":25,"column":15},"end":{"line":25,"column":19}},"19":{"start":{"line":25,"column":21},"end":{"line":25,"column":26}},"20":{"start":{"line":25,"column":28},"end":{"line":25,"column":36}},"21":{"start":{"line":25,"column":38},"end":{"line":25,"column":42}},"22":{"start":{"line":25,"column":44},"end":{"line":25,"column":58}},"23":{"start":{"line":25,"column":60},"end":{"line":25,"column":74}},"24":{"start":{"line":26,"column":6},"end":{"line":26,"column":12}},"25":{"start":{"line":26,"column":14},"end":{"line":26,"column":24}},"26":{"start":{"line":26,"column":26},"end":{"line":26,"column":41}},"27":{"start":{"line":26,"column":43},"end":{"line":26,"column":63}},"28":{"start":{"line":26,"column":65},"end":{"line":26,"column":73}},"29":{"start":{"line":26,"column":75},"end":{"line":26,"column":87}},"30":{"start":{"line":28,"column":4},"end":{"line":43,"column":7}},"31":{"start":{"line":38,"column":14},"end":{"line":38,"column":22}},"32":{"start":{"line":39,"column":6},"end":{"line":41,"column":null}},"33":{"start":{"line":40,"column":8},"end":{"line":40,"column":49}},"34":{"start":{"line":42,"column":6},"end":{"line":42,"column":22}},"35":{"start":{"line":49,"column":6},"end":{"line":49,"column":10}},"36":{"start":{"line":49,"column":12},"end":{"line":49,"column":27}},"37":{"start":{"line":49,"column":29},"end":{"line":49,"column":34}},"38":{"start":{"line":49,"column":36},"end":{"line":49,"column":43}},"39":{"start":{"line":49,"column":45},"end":{"line":49,"column":53}},"40":{"start":{"line":49,"column":55},"end":{"line":49,"column":64}},"41":{"start":{"line":49,"column":66},"end":{"line":49,"column":77}},"42":{"start":{"line":50,"column":6},"end":{"line":50,"column":13}},"43":{"start":{"line":50,"column":15},"end":{"line":50,"column":19}},"44":{"start":{"line":50,"column":21},"end":{"line":50,"column":26}},"45":{"start":{"line":50,"column":28},"end":{"line":50,"column":36}},"46":{"start":{"line":50,"column":38},"end":{"line":50,"column":42}},"47":{"start":{"line":50,"column":44},"end":{"line":50,"column":58}},"48":{"start":{"line":50,"column":60},"end":{"line":50,"column":74}},"49":{"start":{"line":51,"column":6},"end":{"line":51,"column":12}},"50":{"start":{"line":51,"column":14},"end":{"line":51,"column":24}},"51":{"start":{"line":51,"column":26},"end":{"line":51,"column":41}},"52":{"start":{"line":51,"column":43},"end":{"line":51,"column":63}},"53":{"start":{"line":51,"column":65},"end":{"line":51,"column":73}},"54":{"start":{"line":51,"column":75},"end":{"line":51,"column":87}},"55":{"start":{"line":53,"column":4},"end":{"line":69,"column":7}},"56":{"start":{"line":64,"column":14},"end":{"line":64,"column":22}},"57":{"start":{"line":65,"column":6},"end":{"line":67,"column":null}},"58":{"start":{"line":66,"column":8},"end":{"line":66,"column":53}},"59":{"start":{"line":68,"column":6},"end":{"line":68,"column":22}},"60":{"start":{"line":74,"column":4},"end":{"line":81,"column":9}},"61":{"start":{"line":76,"column":16},"end":{"line":76,"column":24}},"62":{"start":{"line":77,"column":8},"end":{"line":79,"column":null}},"63":{"start":{"line":78,"column":10},"end":{"line":78,"column":62}},"64":{"start":{"line":80,"column":8},"end":{"line":80,"column":24}},"65":{"start":{"line":86,"column":4},"end":{"line":96,"column":9}},"66":{"start":{"line":91,"column":16},"end":{"line":91,"column":24}},"67":{"start":{"line":92,"column":8},"end":{"line":94,"column":null}},"68":{"start":{"line":93,"column":10},"end":{"line":93,"column":50}},"69":{"start":{"line":95,"column":8},"end":{"line":95,"column":24}},"70":{"start":{"line":101,"column":4},"end":{"line":111,"column":9}},"71":{"start":{"line":106,"column":16},"end":{"line":106,"column":24}},"72":{"start":{"line":107,"column":8},"end":{"line":109,"column":null}},"73":{"start":{"line":108,"column":10},"end":{"line":108,"column":53}},"74":{"start":{"line":110,"column":8},"end":{"line":110,"column":24}},"75":{"start":{"line":115,"column":0},"end":{"line":115,"column":65}},"76":{"start":{"line":115,"column":23},"end":{"line":115,"column":64}},"77":{"start":{"line":117,"column":0},"end":{"line":117,"column":18}}},"fnMap":{"0":{"name":"(anonymous_0)","decl":{"start":{"line":10,"column":2},"end":{"line":10,"column":12}},"loc":{"start":{"line":10,"column":15},"end":{"line":19,"column":3}}},"1":{"name":"(anonymous_1)","decl":{"start":{"line":12,"column":12},"end":{"line":12,"column":13}},"loc":{"start":{"line":12,"column":19},"end":{"line":18,"column":7}}},"2":{"name":"(anonymous_2)","decl":{"start":{"line":22,"column":12},"end":{"line":22,"column":13}},"loc":{"start":{"line":22,"column":20},"end":{"line":44,"column":3}}},"3":{"name":"(anonymous_3)","decl":{"start":{"line":37,"column":11},"end":{"line":37,"column":12}},"loc":{"start":{"line":37,"column":18},"end":{"line":43,"column":5}}},"4":{"name":"(anonymous_4)","decl":{"start":{"line":47,"column":16},"end":{"line":47,"column":17}},"loc":{"start":{"line":47,"column":31},"end":{"line":70,"column":3}}},"5":{"name":"(anonymous_5)","decl":{"start":{"line":63,"column":11},"end":{"line":63,"column":12}},"loc":{"start":{"line":63,"column":18},"end":{"line":69,"column":5}}},"6":{"name":"(anonymous_6)","decl":{"start":{"line":73,"column":15},"end":{"line":73,"column":16}},"loc":{"start":{"line":73,"column":18},"end":{"line":82,"column":3}}},"7":{"name":"(anonymous_7)","decl":{"start":{"line":75,"column":12},"end":{"line":75,"column":13}},"loc":{"start":{"line":75,"column":19},"end":{"line":81,"column":7}}},"8":{"name":"(anonymous_8)","decl":{"start":{"line":85,"column":11},"end":{"line":85,"column":12}},"loc":{"start":{"line":85,"column":25},"end":{"line":97,"column":3}}},"9":{"name":"(anonymous_9)","decl":{"start":{"line":90,"column":12},"end":{"line":90,"column":13}},"loc":{"start":{"line":90,"column":19},"end":{"line":96,"column":7}}},"10":{"name":"(anonymous_10)","decl":{"start":{"line":100,"column":14},"end":{"line":100,"column":15}},"loc":{"start":{"line":100,"column":28},"end":{"line":112,"column":3}}},"11":{"name":"(anonymous_11)","decl":{"start":{"line":105,"column":12},"end":{"line":105,"column":13}},"loc":{"start":{"line":105,"column":19},"end":{"line":111,"column":7}}},"12":{"name":"(anonymous_12)","decl":{"start":{"line":115,"column":17},"end":{"line":115,"column":23}},"loc":{"start":{"line":115,"column":17},"end":{"line":115,"column":30}}}},"branchMap":{"0":{"loc":{"start":{"line":14,"column":8},"end":{"line":16,"column":null}},"type":"if","locations":[{"start":{"line":14,"column":8},"end":{"line":16,"column":null}},{"start":{"line":14,"column":8},"end":{"line":16,"column":null}}]},"1":{"loc":{"start":{"line":39,"column":6},"end":{"line":41,"column":null}},"type":"if","locations":[{"start":{"line":39,"column":6},"end":{"line":41,"column":null}},{"start":{"line":39,"column":6},"end":{"line":41,"column":null}}]},"2":{"loc":{"start":{"line":65,"column":6},"end":{"line":67,"column":null}},"type":"if","locations":[{"start":{"line":65,"column":6},"end":{"line":67,"column":null}},{"start":{"line":65,"column":6},"end":{"line":67,"column":null}}]},"3":{"loc":{"start":{"line":77,"column":8},"end":{"line":79,"column":null}},"type":"if","locations":[{"start":{"line":77,"column":8},"end":{"line":79,"column":null}},{"start":{"line":77,"column":8},"end":{"line":79,"column":null}}]},"4":{"loc":{"start":{"line":92,"column":8},"end":{"line":94,"column":null}},"type":"if","locations":[{"start":{"line":92,"column":8},"end":{"line":94,"column":null}},{"start":{"line":92,"column":8},"end":{"line":94,"column":null}}]},"5":{"loc":{"start":{"line":107,"column":8},"end":{"line":109,"column":null}},"type":"if","locations":[{"start":{"line":107,"column":8},"end":{"line":109,"column":null}},{"start":{"line":107,"column":8},"end":{"line":109,"column":null}}]}},"s":{"0":1,"1":1,"2":1,"3":1,"4":1,"5":12,"6":12,"7":12,"8":1,"9":11,"10":0,"11":0,"12":0,"13":0,"14":0,"15":0,"16":0,"17":0,"18":0,"19":0,"20":0,"21":0,"22":0,"23":0,"24":0,"25":0,"26":0,"27":0,"28":0,"29":0,"30":0,"31":0,"32":0,"33":0,"34":0,"35":0,"36":0,"37":0,"38":0,"39":0,"40":0,"41":0,"42":0,"43":0,"44":0,"45":0,"46":0,"47":0,"48":0,"49":0,"50":0,"51":0,"52":0,"53":0,"54":0,"55":0,"56":0,"57":0,"58":0,"59":0,"60":0,"61":0,"62":0,"63":0,"64":0,"65":0,"66":0,"67":0,"68":0,"69":0,"70":0,"71":0,"72":0,"73":0,"74":0,"75":1,"76":1,"77":1},"f":{"0":12,"1":12,"2":0,"3":0,"4":0,"5":0,"6":0,"7":0,"8":0,"9":0,"10":0,"11":0,"12":1},"b":{"0":[1,11],"1":[0,0],"2":[0,0],"3":[0,0],"4":[0,0],"5":[0,0]}}
,"/home/gabe/Documents/Code/HackReactor/SDC/Bruce_Product-Description-Service/src/database/utils.ts": {"path":"/home/gabe/Documents/Code/HackReactor/SDC/Bruce_Product-Description-Service/src/database/utils.ts","statementMap":{"0":{"start":{"line":1,"column":0},"end":{"line":1,"column":50}},"1":{"start":{"line":4,"column":50},"end":{"line":4,"column":59}},"2":{"start":{"line":4,"column":58},"end":{"line":4,"column":153}},"3":{"start":{"line":19,"column":2},"end":{"line":19,"column":10}},"4":{"start":{"line":6,"column":58},"end":{"line":6,"column":71}},"5":{"start":{"line":6,"column":70},"end":{"line":6,"column":177}},"6":{"start":{"line":19,"column":27},"end":{"line":19,"column":39}},"7":{"start":{"line":8,"column":62},"end":{"line":16,"column":1}},"8":{"start":{"line":9,"column":15},"end":{"line":9,"column":35}},"9":{"start":{"line":10,"column":2},"end":{"line":14,"column":null}},"10":{"start":{"line":10,"column":15},"end":{"line":10,"column":16}},"11":{"start":{"line":11,"column":4},"end":{"line":13,"column":null}},"12":{"start":{"line":12,"column":6},"end":{"line":12,"column":65}},"13":{"start":{"line":15,"column":2},"end":{"line":15,"column":34}},"14":{"start":{"line":19,"column":12},"end":{"line":19,"column":25}}},"fnMap":{"0":{"name":"(anonymous_0)","decl":{"start":{"line":4,"column":50},"end":{"line":4,"column":51}},"loc":{"start":{"line":4,"column":53},"end":{"line":4,"column":59}}},"1":{"name":"(anonymous_1)","decl":{"start":{"line":6,"column":58},"end":{"line":6,"column":59}},"loc":{"start":{"line":6,"column":65},"end":{"line":6,"column":71}}},"2":{"name":"(anonymous_2)","decl":{"start":{"line":8,"column":62},"end":{"line":8,"column":63}},"loc":{"start":{"line":8,"column":70},"end":{"line":16,"column":1}}}},"branchMap":{"0":{"loc":{"start":{"line":4,"column":82},"end":{"line":4,"column":101}},"type":"cond-expr","locations":[{"start":{"line":4,"column":82},"end":{"line":4,"column":101}},{"start":{"line":4,"column":104},"end":{"line":4,"column":151}}]},"1":{"loc":{"start":{"line":6,"column":100},"end":{"line":6,"column":123}},"type":"cond-expr","locations":[{"start":{"line":6,"column":100},"end":{"line":6,"column":123}},{"start":{"line":6,"column":126},"end":{"line":6,"column":175}}]},"2":{"loc":{"start":{"line":6,"column":71},"end":{"line":6,"column":82}},"type":"binary-expr","locations":[{"start":{"line":6,"column":71},"end":{"line":6,"column":82}},{"start":{"line":6,"column":86},"end":{"line":6,"column":97}}]},"3":{"loc":{"start":{"line":11,"column":4},"end":{"line":13,"column":null}},"type":"if","locations":[{"start":{"line":11,"column":4},"end":{"line":13,"column":null}},{"start":{"line":11,"column":4},"end":{"line":13,"column":null}}]}},"s":{"0":1,"1":1,"2":14,"3":1,"4":1,"5":0,"6":1,"7":1,"8":0,"9":0,"10":0,"11":0,"12":0,"13":0,"14":1},"f":{"0":14,"1":0,"2":0},"b":{"0":[12,2],"1":[0,0],"2":[0,0],"3":[0,0]}}
,"/home/gabe/Documents/Code/HackReactor/SDC/Bruce_Product-Description-Service/src/dev/fakeProduct.ts": {"path":"/home/gabe/Documents/Code/HackReactor/SDC/Bruce_Product-Description-Service/src/dev/fakeProduct.ts","statementMap":{"0":{"start":{"line":1,"column":14},"end":{"line":1,"column":30}},"1":{"start":{"line":3,"column":20},"end":{"line":5,"column":1}},"2":{"start":{"line":4,"column":2},"end":{"line":4,"column":81}},"3":{"start":{"line":7,"column":24},"end":{"line":9,"column":1}},"4":{"start":{"line":8,"column":2},"end":{"line":8,"column":110}},"5":{"start":{"line":11,"column":14},"end":{"line":13,"column":1}},"6":{"start":{"line":12,"column":2},"end":{"line":12,"column":32}},"7":{"start":{"line":15,"column":16},"end":{"line":17,"column":1}},"8":{"start":{"line":16,"column":2},"end":{"line":16,"column":null}},"9":{"start":{"line":19,"column":17},"end":{"line":21,"column":1}},"10":{"start":{"line":20,"column":2},"end":{"line":20,"column":32}},"11":{"start":{"line":23,"column":18},"end":{"line":25,"column":1}},"12":{"start":{"line":24,"column":2},"end":{"line":24,"column":40}},"13":{"start":{"line":27,"column":20},"end":{"line":27,"column":39}},"14":{"start":{"line":27,"column":34},"end":{"line":27,"column":67}},"15":{"start":{"line":30,"column":20},"end":{"line":30,"column":38}},"16":{"start":{"line":30,"column":33},"end":{"line":30,"column":57}},"17":{"start":{"line":33,"column":13},"end":{"line":33,"column":29}},"18":{"start":{"line":33,"column":26},"end":{"line":33,"column":119}},"19":{"start":{"line":35,"column":14},"end":{"line":35,"column":32}},"20":{"start":{"line":35,"column":27},"end":{"line":35,"column":50}},"21":{"start":{"line":37,"column":17},"end":{"line":37,"column":47}},"22":{"start":{"line":37,"column":30},"end":{"line":37,"column":48}},"23":{"start":{"line":39,"column":13},"end":{"line":39,"column":27}},"24":{"start":{"line":39,"column":26},"end":{"line":39,"column":61}},"25":{"start":{"line":41,"column":16},"end":{"line":41,"column":34}},"26":{"start":{"line":41,"column":29},"end":{"line":41,"column":62}},"27":{"start":{"line":43,"column":13},"end":{"line":43,"column":31}},"28":{"start":{"line":43,"column":26},"end":{"line":43,"column":60}},"29":{"start":{"line":45,"column":16},"end":{"line":68,"column":1}},"30":{"start":{"line":46,"column":16},"end":{"line":46,"column":18}},"31":{"start":{"line":47,"column":2},"end":{"line":47,"column":34}},"32":{"start":{"line":48,"column":2},"end":{"line":48,"column":38}},"33":{"start":{"line":49,"column":2},"end":{"line":49,"column":28}},"34":{"start":{"line":50,"column":2},"end":{"line":50,"column":30}},"35":{"start":{"line":51,"column":2},"end":{"line":51,"column":31}},"36":{"start":{"line":52,"column":2},"end":{"line":52,"column":32}},"37":{"start":{"line":53,"column":2},"end":{"line":53,"column":34}},"38":{"start":{"line":54,"column":2},"end":{"line":54,"column":34}},"39":{"start":{"line":55,"column":2},"end":{"line":55,"column":27}},"40":{"start":{"line":56,"column":2},"end":{"line":56,"column":28}},"41":{"start":{"line":57,"column":2},"end":{"line":57,"column":31}},"42":{"start":{"line":58,"column":2},"end":{"line":58,"column":27}},"43":{"start":{"line":59,"column":2},"end":{"line":59,"column":30}},"44":{"start":{"line":60,"column":2},"end":{"line":60,"column":27}},"45":{"start":{"line":61,"column":2},"end":{"line":61,"column":27}},"46":{"start":{"line":62,"column":2},"end":{"line":62,"column":27}},"47":{"start":{"line":63,"column":2},"end":{"line":63,"column":27}},"48":{"start":{"line":64,"column":2},"end":{"line":64,"column":27}},"49":{"start":{"line":65,"column":2},"end":{"line":65,"column":27}},"50":{"start":{"line":66,"column":2},"end":{"line":66,"column":25}},"51":{"start":{"line":67,"column":2},"end":{"line":67,"column":17}},"52":{"start":{"line":70,"column":9},"end":{"line":70,"column":16}}},"fnMap":{"0":{"name":"(anonymous_0)","decl":{"start":{"line":3,"column":20},"end":{"line":3,"column":null}},"loc":{"start":{"line":3,"column":20},"end":{"line":5,"column":1}}},"1":{"name":"(anonymous_1)","decl":{"start":{"line":7,"column":24},"end":{"line":7,"column":null}},"loc":{"start":{"line":7,"column":24},"end":{"line":9,"column":1}}},"2":{"name":"(anonymous_2)","decl":{"start":{"line":11,"column":14},"end":{"line":11,"column":null}},"loc":{"start":{"line":11,"column":14},"end":{"line":13,"column":1}}},"3":{"name":"(anonymous_3)","decl":{"start":{"line":15,"column":16},"end":{"line":15,"column":null}},"loc":{"start":{"line":15,"column":16},"end":{"line":17,"column":1}}},"4":{"name":"(anonymous_4)","decl":{"start":{"line":19,"column":17},"end":{"line":19,"column":null}},"loc":{"start":{"line":19,"column":17},"end":{"line":21,"column":1}}},"5":{"name":"(anonymous_5)","decl":{"start":{"line":23,"column":18},"end":{"line":23,"column":null}},"loc":{"start":{"line":23,"column":18},"end":{"line":25,"column":1}}},"6":{"name":"(anonymous_6)","decl":{"start":{"line":27,"column":20},"end":{"line":27,"column":34}},"loc":{"start":{"line":27,"column":20},"end":{"line":27,"column":39}}},"7":{"name":"(anonymous_7)","decl":{"start":{"line":30,"column":20},"end":{"line":30,"column":33}},"loc":{"start":{"line":30,"column":20},"end":{"line":30,"column":38}}},"8":{"name":"(anonymous_8)","decl":{"start":{"line":33,"column":13},"end":{"line":33,"column":26}},"loc":{"start":{"line":33,"column":13},"end":{"line":33,"column":29}}},"9":{"name":"(anonymous_9)","decl":{"start":{"line":35,"column":14},"end":{"line":35,"column":27}},"loc":{"start":{"line":35,"column":14},"end":{"line":35,"column":32}}},"10":{"name":"(anonymous_10)","decl":{"start":{"line":37,"column":17},"end":{"line":37,"column":30}},"loc":{"start":{"line":37,"column":17},"end":{"line":37,"column":47}}},"11":{"name":"(anonymous_11)","decl":{"start":{"line":39,"column":13},"end":{"line":39,"column":26}},"loc":{"start":{"line":39,"column":13},"end":{"line":39,"column":27}}},"12":{"name":"(anonymous_12)","decl":{"start":{"line":41,"column":16},"end":{"line":41,"column":29}},"loc":{"start":{"line":41,"column":16},"end":{"line":41,"column":34}}},"13":{"name":"(anonymous_13)","decl":{"start":{"line":43,"column":13},"end":{"line":43,"column":26}},"loc":{"start":{"line":43,"column":13},"end":{"line":43,"column":31}}},"14":{"name":"(anonymous_14)","decl":{"start":{"line":45,"column":16},"end":{"line":45,"column":null}},"loc":{"start":{"line":45,"column":16},"end":{"line":68,"column":1}}}},"branchMap":{"0":{"loc":{"start":{"line":4,"column":34},"end":{"line":4,"column":56}},"type":"cond-expr","locations":[{"start":{"line":4,"column":34},"end":{"line":4,"column":56}},{"start":{"line":4,"column":59},"end":{"line":4,"column":80}}]},"1":{"loc":{"start":{"line":8,"column":72},"end":{"line":8,"column":101}},"type":"cond-expr","locations":[{"start":{"line":8,"column":72},"end":{"line":8,"column":101}},{"start":{"line":8,"column":104},"end":{"line":8,"column":106}}]}},"s":{"0":1,"1":1,"2":100003,"3":1,"4":100003,"5":1,"6":100003,"7":1,"8":100003,"9":1,"10":100003,"11":1,"12":100003,"13":1,"14":100003,"15":1,"16":100003,"17":1,"18":100003,"19":1,"20":100003,"21":1,"22":100003,"23":1,"24":100003,"25":1,"26":100003,"27":1,"28":700021,"29":1,"30":100003,"31":100003,"32":100003,"33":100003,"34":100003,"35":100003,"36":100003,"37":100003,"38":100003,"39":100003,"40":100003,"41":100003,"42":100003,"43":100003,"44":100003,"45":100003,"46":100003,"47":100003,"48":100003,"49":100003,"50":100003,"51":100003,"52":1},"f":{"0":100003,"1":100003,"2":100003,"3":100003,"4":100003,"5":100003,"6":100003,"7":100003,"8":100003,"9":100003,"10":100003,"11":100003,"12":100003,"13":700021,"14":100003},"b":{"0":[49902,50101],"1":[49863,50140]}}
}
