TN:
SF:/home/gabe/Documents/Code/HackReactor/SDC/Bruce_Product-Description-Service/src/Interfaces.ts
FNF:0
FNH:0
DA:34,1
DA:58,1
LF:2
LH:2
BRF:0
BRH:0
end_of_record
TN:
SF:/home/gabe/Documents/Code/HackReactor/SDC/Bruce_Product-Description-Service/src/env.ts
FNF:0
FNH:0
DA:1,1
DA:26,1
DA:34,1
DA:35,1
DA:38,1
LF:5
LH:5
BRF:0
BRH:0
end_of_record
TN:
SF:/home/gabe/Documents/Code/HackReactor/SDC/Bruce_Product-Description-Service/src/database/db.ts
FN:9,(anonymous_0)
FN:11,(anonymous_1)
FN:15,(anonymous_2)
FN:17,(anonymous_3)
FN:21,(anonymous_4)
FN:23,(anonymous_5)
FN:24,(anonymous_6)
FN:28,(anonymous_7)
FN:30,(anonymous_8)
FN:34,(anonymous_9)
FN:36,(anonymous_10)
FN:37,(anonymous_11)
FN:41,(anonymous_12)
FN:43,(anonymous_13)
FN:44,(anonymous_14)
FNF:15
FNH:2
FNDA:14,(anonymous_0)
FNDA:12,(anonymous_1)
FNDA:0,(anonymous_2)
FNDA:0,(anonymous_3)
FNDA:0,(anonymous_4)
FNDA:0,(anonymous_5)
FNDA:0,(anonymous_6)
FNDA:0,(anonymous_7)
FNDA:0,(anonymous_8)
FNDA:0,(anonymous_9)
FNDA:0,(anonymous_10)
FNDA:0,(anonymous_11)
FNDA:0,(anonymous_12)
FNDA:0,(anonymous_13)
FNDA:0,(anonymous_14)
DA:1,1
DA:3,1
DA:6,1
DA:10,14
DA:11,12
DA:16,0
DA:17,0
DA:22,0
DA:23,0
DA:24,0
DA:29,0
DA:30,0
DA:35,0
DA:36,0
DA:37,0
DA:42,0
DA:43,0
DA:44,0
DA:48,1
LF:19
LH:6
BRF:0
BRH:0
end_of_record
TN:
SF:/home/gabe/Documents/Code/HackReactor/SDC/Bruce_Product-Description-Service/src/database/postgres.ts
FN:10,(anonymous_0)
FN:12,(anonymous_1)
FN:22,(anonymous_2)
FN:37,(anonymous_3)
FN:47,(anonymous_4)
FN:63,(anonymous_5)
FN:73,(anonymous_6)
FN:75,(anonymous_7)
FN:85,(anonymous_8)
FN:90,(anonymous_9)
FN:100,(anonymous_10)
FN:105,(anonymous_11)
FN:115,(anonymous_12)
FNF:13
FNH:3
FNDA:12,(anonymous_0)
FNDA:12,(anonymous_1)
FNDA:0,(anonymous_2)
FNDA:0,(anonymous_3)
FNDA:0,(anonymous_4)
FNDA:0,(anonymous_5)
FNDA:0,(anonymous_6)
FNDA:0,(anonymous_7)
FNDA:0,(anonymous_8)
FNDA:0,(anonymous_9)
FNDA:0,(anonymous_10)
FNDA:0,(anonymous_11)
FNDA:1,(anonymous_12)
DA:1,1
DA:2,1
DA:5,1
DA:6,1
DA:8,1
DA:11,12
DA:13,12
DA:14,12
DA:15,1
DA:17,11
DA:24,0
DA:25,0
DA:26,0
DA:28,0
DA:38,0
DA:39,0
DA:40,0
DA:42,0
DA:49,0
DA:50,0
DA:51,0
DA:53,0
DA:64,0
DA:65,0
DA:66,0
DA:68,0
DA:74,0
DA:76,0
DA:77,0
DA:78,0
DA:80,0
DA:86,0
DA:91,0
DA:92,0
DA:93,0
DA:95,0
DA:101,0
DA:106,0
DA:107,0
DA:108,0
DA:110,0
DA:115,1
DA:117,1
LF:43
LH:12
BRDA:14,0,0,1
BRDA:14,0,1,11
BRDA:39,1,0,0
BRDA:39,1,1,0
BRDA:65,2,0,0
BRDA:65,2,1,0
BRDA:77,3,0,0
BRDA:77,3,1,0
BRDA:92,4,0,0
BRDA:92,4,1,0
BRDA:107,5,0,0
BRDA:107,5,1,0
BRF:12
BRH:2
end_of_record
TN:
SF:/home/gabe/Documents/Code/HackReactor/SDC/Bruce_Product-Description-Service/src/database/utils.ts
FN:4,(anonymous_0)
FN:6,(anonymous_1)
FN:8,(anonymous_2)
FNF:3
FNH:1
FNDA:14,(anonymous_0)
FNDA:0,(anonymous_1)
FNDA:0,(anonymous_2)
DA:1,1
DA:4,14
DA:6,1
DA:8,1
DA:9,0
DA:10,0
DA:11,0
DA:12,0
DA:15,0
DA:19,1
LF:10
LH:5
BRDA:4,0,0,12
BRDA:4,0,1,2
BRDA:6,1,0,0
BRDA:6,1,1,0
BRDA:6,2,0,0
BRDA:6,2,1,0
BRDA:11,3,0,0
BRDA:11,3,1,0
BRF:8
BRH:2
end_of_record
TN:
SF:/home/gabe/Documents/Code/HackReactor/SDC/Bruce_Product-Description-Service/src/dev/fakeProduct.ts
FN:3,(anonymous_0)
FN:7,(anonymous_1)
FN:11,(anonymous_2)
FN:15,(anonymous_3)
FN:19,(anonymous_4)
FN:23,(anonymous_5)
FN:27,(anonymous_6)
FN:30,(anonymous_7)
FN:33,(anonymous_8)
FN:35,(anonymous_9)
FN:37,(anonymous_10)
FN:39,(anonymous_11)
FN:41,(anonymous_12)
FN:43,(anonymous_13)
FN:45,(anonymous_14)
FNF:15
FNH:15
FNDA:100003,(anonymous_0)
FNDA:100003,(anonymous_1)
FNDA:100003,(anonymous_2)
FNDA:100003,(anonymous_3)
FNDA:100003,(anonymous_4)
FNDA:100003,(anonymous_5)
FNDA:100003,(anonymous_6)
FNDA:100003,(anonymous_7)
FNDA:100003,(anonymous_8)
FNDA:100003,(anonymous_9)
FNDA:100003,(anonymous_10)
FNDA:100003,(anonymous_11)
FNDA:100003,(anonymous_12)
FNDA:700021,(anonymous_13)
FNDA:100003,(anonymous_14)
DA:1,1
DA:3,1
DA:4,100003
DA:7,1
DA:8,100003
DA:11,1
DA:12,100003
DA:15,1
DA:16,100003
DA:19,1
DA:20,100003
DA:23,1
DA:24,100003
DA:27,100003
DA:30,100003
DA:33,100003
DA:35,100003
DA:37,100003
DA:39,100003
DA:41,100003
DA:43,700021
DA:45,1
DA:46,100003
DA:47,100003
DA:48,100003
DA:49,100003
DA:50,100003
DA:51,100003
DA:52,100003
DA:53,100003
DA:54,100003
DA:55,100003
DA:56,100003
DA:57,100003
DA:58,100003
DA:59,100003
DA:60,100003
DA:61,100003
DA:62,100003
DA:63,100003
DA:64,100003
DA:65,100003
DA:66,100003
DA:67,100003
DA:70,1
LF:45
LH:45
BRDA:4,0,0,49902
BRDA:4,0,1,50101
BRDA:8,1,0,49863
BRDA:8,1,1,50140
BRF:4
BRH:4
end_of_record
